09-06-2023 19:21:49 INFO     Dataset loaded & analyzed... 1.97sec
09-06-2023 19:21:49 INFO     Model LR - Sampler US
09-06-2023 19:21:50 INFO     1) Model trained in 0.43sec...
09-06-2023 19:21:50 INFO     2) Model trained in 0.2sec...
09-06-2023 19:21:50 INFO     3) Model trained in 0.2sec...
09-06-2023 19:21:50 INFO     4) Model trained in 0.21sec...
09-06-2023 19:21:51 INFO     5) Model trained in 0.19sec...
09-06-2023 19:21:51 INFO     Model LR - Sampler OS_SVM
09-06-2023 19:21:51 INFO     1) Model trained in 0.47sec...
09-06-2023 19:21:51 INFO     2) Model trained in 0.37sec...
09-06-2023 19:21:52 INFO     3) Model trained in 0.36sec...
09-06-2023 19:21:52 INFO     4) Model trained in 0.35sec...
09-06-2023 19:21:52 INFO     5) Model trained in 0.35sec...
09-06-2023 19:21:52 INFO     Model LR - Sampler OS_K
09-06-2023 19:21:53 INFO     1) Model trained in 0.45sec...
09-06-2023 19:21:53 INFO     2) Model trained in 0.4sec...
09-06-2023 19:21:54 INFO     3) Model trained in 0.4sec...
09-06-2023 19:21:54 INFO     4) Model trained in 0.36sec...
09-06-2023 19:21:54 INFO     5) Model trained in 0.36sec...
09-06-2023 19:21:54 INFO     Model LR - Sampler OS_ADASYN
09-06-2023 19:21:55 INFO     1) Model trained in 0.3sec...
09-06-2023 19:21:55 INFO     2) Model trained in 0.27sec...
09-06-2023 19:21:55 INFO     3) Model trained in 0.29sec...
09-06-2023 19:21:56 INFO     4) Model trained in 0.27sec...
09-06-2023 19:21:56 INFO     5) Model trained in 0.27sec...
09-06-2023 19:21:56 INFO     Model RF - Sampler US
09-06-2023 19:22:53 INFO     1) Model trained in 57.08sec...
09-06-2023 19:23:56 INFO     2) Model trained in 63.14sec...
09-06-2023 19:25:01 INFO     3) Model trained in 64.66sec...
09-06-2023 19:26:07 INFO     4) Model trained in 66.05sec...
09-06-2023 19:27:08 INFO     5) Model trained in 61.32sec...
09-06-2023 19:27:08 INFO     Model RF - Sampler OS_SVM
09-06-2023 19:28:21 INFO     1) Model trained in 72.98sec...
09-06-2023 19:29:32 INFO     2) Model trained in 70.51sec...
09-06-2023 19:30:43 INFO     3) Model trained in 71.93sec...
09-06-2023 19:31:54 INFO     4) Model trained in 70.63sec...
09-06-2023 19:33:07 INFO     5) Model trained in 72.71sec...
09-06-2023 19:33:07 INFO     Model RF - Sampler OS_K
09-06-2023 19:34:15 INFO     1) Model trained in 68.59sec...
09-06-2023 19:35:24 INFO     2) Model trained in 68.2sec...
09-06-2023 19:36:32 INFO     3) Model trained in 67.96sec...
09-06-2023 19:37:43 INFO     4) Model trained in 71.0sec...
09-06-2023 19:38:52 INFO     5) Model trained in 69.16sec...
09-06-2023 19:38:52 INFO     Model RF - Sampler OS_ADASYN
09-06-2023 19:40:02 INFO     1) Model trained in 70.54sec...
09-06-2023 19:41:17 INFO     2) Model trained in 74.74sec...
09-06-2023 19:42:29 INFO     3) Model trained in 71.7sec...
09-06-2023 19:43:40 INFO     4) Model trained in 71.05sec...
09-06-2023 19:44:50 INFO     5) Model trained in 70.58sec...
09-06-2023 19:44:50 INFO     Model KNN - Sampler US
09-06-2023 19:44:51 INFO     1) Model trained in 0.22sec...
09-06-2023 19:44:51 INFO     2) Model trained in 0.23sec...
09-06-2023 19:44:51 INFO     3) Model trained in 0.23sec...
09-06-2023 19:44:51 INFO     4) Model trained in 0.23sec...
09-06-2023 19:44:51 INFO     5) Model trained in 0.24sec...
09-06-2023 19:44:51 INFO     Model KNN - Sampler OS_SVM
09-06-2023 19:44:52 INFO     1) Model trained in 0.51sec...
09-06-2023 19:44:53 INFO     2) Model trained in 0.51sec...
09-06-2023 19:44:53 INFO     3) Model trained in 0.5sec...
09-06-2023 19:44:54 INFO     4) Model trained in 0.51sec...
09-06-2023 19:44:54 INFO     5) Model trained in 0.51sec...
09-06-2023 19:44:54 INFO     Model KNN - Sampler OS_K
09-06-2023 19:44:55 INFO     1) Model trained in 0.57sec...
09-06-2023 19:44:55 INFO     2) Model trained in 0.6sec...
09-06-2023 19:44:56 INFO     3) Model trained in 0.57sec...
09-06-2023 19:44:56 INFO     4) Model trained in 0.63sec...
09-06-2023 19:44:57 INFO     5) Model trained in 0.55sec...
09-06-2023 19:44:57 INFO     Model KNN - Sampler OS_ADASYN
09-06-2023 19:44:57 INFO     1) Model trained in 0.47sec...
09-06-2023 19:44:58 INFO     2) Model trained in 0.49sec...
09-06-2023 19:44:58 INFO     3) Model trained in 0.5sec...
09-06-2023 19:44:59 INFO     4) Model trained in 0.48sec...
09-06-2023 19:44:59 INFO     5) Model trained in 0.48sec...
09-06-2023 19:44:59 INFO     All model have been trained in 1390.08sec...
09-06-2023 19:44:59 INFO     Analyze the best model due to the performances...
09-06-2023 19:44:59 INFO     F1-SCORE..
09-06-2023 19:45:00 INFO     | RF   | OS_K       | 84.77 |
09-06-2023 19:45:00 INFO     | RF   | OS_SVM     | 83.21 |
09-06-2023 19:45:00 INFO     | RF   | OS_ADASYN  | 82.72 |
09-06-2023 19:45:00 INFO     | LR   | OS_K       | 82.69 |
09-06-2023 19:45:00 INFO     | LR   | OS_SVM     | 82.23 |
09-06-2023 19:45:00 INFO     | LR   | OS_ADASYN  | 81.5 |
09-06-2023 19:45:00 INFO     | KNN  | OS_K       | 78.79 |
09-06-2023 19:45:00 INFO     | RF   | US         | 74.43 |
09-06-2023 19:45:00 INFO     | KNN  | OS_SVM     | 72.98 |
09-06-2023 19:45:00 INFO     | KNN  | OS_ADASYN  | 72.48 |
09-06-2023 19:45:00 INFO     FDR...
09-06-2023 19:45:00 INFO     | RF   | US         | 12.6 |
09-06-2023 19:45:00 INFO     | LR   | OS_SVM     | 12.8 |
09-06-2023 19:45:00 INFO     | LR   | US         | 14.0 |
09-06-2023 19:45:00 INFO     | LR   | OS_ADASYN  | 14.8 |
09-06-2023 19:45:00 INFO     | LR   | OS_K       | 15.0 |
09-06-2023 19:45:00 INFO     | RF   | OS_SVM     | 16.4 |
09-06-2023 19:45:00 INFO     | RF   | OS_ADASYN  | 17.8 |
09-06-2023 19:45:00 INFO     | RF   | OS_K       | 21.0 |
09-06-2023 19:45:00 INFO     | KNN  | US         | 24.0 |
09-06-2023 19:45:00 INFO     | KNN  | OS_ADASYN  | 26.0 |
09-06-2023 19:45:00 INFO     RECALL..
09-06-2023 19:45:00 INFO     | RF   | OS_K       | 91.0 |
09-06-2023 19:45:00 INFO     | KNN  | OS_K       | 89.8 |
09-06-2023 19:45:00 INFO     | RF   | OS_ADASYN  | 83.4 |
09-06-2023 19:45:00 INFO     | RF   | OS_SVM     | 82.6 |
09-06-2023 19:45:00 INFO     | LR   | OS_K       | 80.4 |
09-06-2023 19:45:00 INFO     | LR   | OS_SVM     | 78.2 |
09-06-2023 19:45:00 INFO     | LR   | OS_ADASYN  | 78.2 |
09-06-2023 19:45:00 INFO     | KNN  | OS_SVM     | 73.6 |
09-06-2023 19:45:00 INFO     | KNN  | OS_ADASYN  | 71.0 |
09-06-2023 19:45:00 INFO     | RF   | US         | 64.8 |
09-06-2023 19:45:00 INFO     PRECISION..
09-06-2023 19:45:01 INFO     | RF   | US         | 87.4 |
09-06-2023 19:45:01 INFO     | LR   | OS_SVM     | 87.2 |
09-06-2023 19:45:01 INFO     | LR   | US         | 86.0 |
09-06-2023 19:45:01 INFO     | LR   | OS_ADASYN  | 85.2 |
09-06-2023 19:45:01 INFO     | LR   | OS_K       | 85.0 |
09-06-2023 19:45:01 INFO     | RF   | OS_SVM     | 83.6 |
09-06-2023 19:45:01 INFO     | RF   | OS_ADASYN  | 82.2 |
09-06-2023 19:45:01 INFO     | RF   | OS_K       | 79.0 |
09-06-2023 19:45:01 INFO     | KNN  | US         | 76.0 |
09-06-2023 19:45:01 INFO     | KNN  | OS_ADASYN  | 74.0 |
09-06-2023 19:45:01 INFO     GLOBAL WEIGHTED SCORE..
09-06-2023 19:45:01 INFO     | LR   | OS_SVM     | 85.04 |
09-06-2023 19:45:01 INFO     | LR   | OS_K       | 83.94 |
09-06-2023 19:45:01 INFO     | LR   | OS_ADASYN  | 83.55 |
09-06-2023 19:45:01 INFO     | RF   | OS_SVM     | 83.39 |
09-06-2023 19:45:01 INFO     | RF   | OS_ADASYN  | 82.46 |
